2022-02-07 15:31:23,538 [Worker-4: Loading available Gradle versions] INFO  o.e.b.c.i.u.g.PublishedGradleVersions - Gradle version information cache is up-to-date. Trying to read.
2022-02-07 15:36:11,329 [Worker-14: reload maven project] ERROR o.e.m.c.i.p.r.ProjectRegistryManager - Failed to read Maven project: Some problems were encountered while processing the POMs:
[FATAL] Non-readable POM /home/mozixreality/eclipse-workspace/kafka/src/pom.xml: input contained no data @ 

org.apache.maven.project.ProjectBuildingException: Some problems were encountered while processing the POMs:
[FATAL] Non-readable POM /home/mozixreality/eclipse-workspace/kafka/src/pom.xml: input contained no data @ 

	at org.eclipse.m2e.core.internal.embedder.MavenImpl.readMavenProjects(MavenImpl.java:696)
	at org.eclipse.m2e.core.internal.project.registry.ProjectRegistryManager.lambda$13(ProjectRegistryManager.java:864)
	at org.eclipse.m2e.core.internal.embedder.MavenExecutionContext.executeBare(MavenExecutionContext.java:182)
	at org.eclipse.m2e.core.internal.embedder.MavenExecutionContext.execute(MavenExecutionContext.java:156)
	at org.eclipse.m2e.core.internal.embedder.MavenExecutionContext.execute(MavenExecutionContext.java:103)
	at org.eclipse.m2e.core.internal.project.registry.ProjectRegistryManager.execute(ProjectRegistryManager.java:1022)
	at org.eclipse.m2e.core.internal.project.registry.ProjectRegistryManager.readProjectsWithDependencies(ProjectRegistryManager.java:860)
	at org.eclipse.m2e.core.internal.project.registry.ProjectRegistryManager.create(ProjectRegistryManager.java:210)
	at org.eclipse.m2e.core.internal.project.registry.MavenProjectManager.create(MavenProjectManager.java:87)
	at org.eclipse.m2e.core.ui.internal.actions.SelectionUtil.getMavenProject(SelectionUtil.java:255)
	at org.eclipse.m2e.editor.pom.MavenPomEditor.readMavenProject(MavenPomEditor.java:643)
	at org.eclipse.m2e.editor.pom.MavenPomEditor$3.run(MavenPomEditor.java:963)
	at org.eclipse.core.internal.jobs.Worker.run(Worker.java:63)
2022-02-07 15:39:20,370 [Worker-15: reload maven project] INFO  o.e.m.c.i.e.AbstractTransferListenerAdapter - Downloading https://repo.maven.apache.org/maven2/org/apache/kafka/kafka-clients/2.3.0/kafka-clients-2.3.0.pom
2022-02-07 15:39:20,670 [Worker-15: reload maven project] INFO  o.e.m.c.i.e.AbstractTransferListenerAdapter - Downloaded https://repo.maven.apache.org/maven2/org/apache/kafka/kafka-clients/2.3.0/kafka-clients-2.3.0.pom
2022-02-07 15:39:20,840 [Worker-15: reload maven project] INFO  o.e.m.c.i.e.AbstractTransferListenerAdapter - Downloading https://repo.maven.apache.org/maven2/org/slf4j/slf4j-api/1.7.26/slf4j-api-1.7.26.pom
2022-02-07 15:39:21,005 [Worker-15: reload maven project] INFO  o.e.m.c.i.e.AbstractTransferListenerAdapter - Downloaded https://repo.maven.apache.org/maven2/org/slf4j/slf4j-api/1.7.26/slf4j-api-1.7.26.pom
2022-02-07 15:39:21,172 [Worker-15: reload maven project] INFO  o.e.m.c.i.e.AbstractTransferListenerAdapter - Downloading https://repo.maven.apache.org/maven2/org/slf4j/slf4j-parent/1.7.26/slf4j-parent-1.7.26.pom
2022-02-07 15:39:21,365 [Worker-15: reload maven project] INFO  o.e.m.c.i.e.AbstractTransferListenerAdapter - Downloaded https://repo.maven.apache.org/maven2/org/slf4j/slf4j-parent/1.7.26/slf4j-parent-1.7.26.pom
2022-02-07 15:39:21,568 [AetherRepositoryConnector-repo.maven.apache.org-0-0] INFO  o.e.m.c.i.e.AbstractTransferListenerAdapter - Downloading https://repo.maven.apache.org/maven2/org/apache/kafka/kafka-clients/2.3.0/kafka-clients-2.3.0.jar
2022-02-07 15:39:21,727 [AetherRepositoryConnector-repo.maven.apache.org-0-1] INFO  o.e.m.c.i.e.AbstractTransferListenerAdapter - Downloading https://repo.maven.apache.org/maven2/com/github/luben/zstd-jni/1.4.0-1/zstd-jni-1.4.0-1.jar
2022-02-07 15:39:21,727 [AetherRepositoryConnector-repo.maven.apache.org-0-4] INFO  o.e.m.c.i.e.AbstractTransferListenerAdapter - Downloading https://repo.maven.apache.org/maven2/org/slf4j/slf4j-api/1.7.26/slf4j-api-1.7.26.jar
2022-02-07 15:39:21,729 [AetherRepositoryConnector-repo.maven.apache.org-0-2] INFO  o.e.m.c.i.e.AbstractTransferListenerAdapter - Downloading https://repo.maven.apache.org/maven2/org/lz4/lz4-java/1.6.0/lz4-java-1.6.0.jar
2022-02-07 15:39:21,730 [AetherRepositoryConnector-repo.maven.apache.org-0-3] INFO  o.e.m.c.i.e.AbstractTransferListenerAdapter - Downloading https://repo.maven.apache.org/maven2/org/xerial/snappy/snappy-java/1.1.7.3/snappy-java-1.1.7.3.jar
2022-02-07 15:39:22,472 [AetherRepositoryConnector-repo.maven.apache.org-0-4] INFO  o.e.m.c.i.e.AbstractTransferListenerAdapter - Downloaded https://repo.maven.apache.org/maven2/org/slf4j/slf4j-api/1.7.26/slf4j-api-1.7.26.jar
2022-02-07 15:39:24,022 [AetherRepositoryConnector-repo.maven.apache.org-0-2] INFO  o.e.m.c.i.e.AbstractTransferListenerAdapter - Downloaded https://repo.maven.apache.org/maven2/org/lz4/lz4-java/1.6.0/lz4-java-1.6.0.jar
2022-02-07 15:39:26,515 [AetherRepositoryConnector-repo.maven.apache.org-0-3] INFO  o.e.m.c.i.e.AbstractTransferListenerAdapter - Downloaded https://repo.maven.apache.org/maven2/org/xerial/snappy/snappy-java/1.1.7.3/snappy-java-1.1.7.3.jar
2022-02-07 15:39:27,345 [AetherRepositoryConnector-repo.maven.apache.org-0-0] INFO  o.e.m.c.i.e.AbstractTransferListenerAdapter - Downloaded https://repo.maven.apache.org/maven2/org/apache/kafka/kafka-clients/2.3.0/kafka-clients-2.3.0.jar
2022-02-07 15:39:27,537 [AetherRepositoryConnector-repo.maven.apache.org-0-1] INFO  o.e.m.c.i.e.AbstractTransferListenerAdapter - Downloaded https://repo.maven.apache.org/maven2/com/github/luben/zstd-jni/1.4.0-1/zstd-jni-1.4.0-1.jar
2022-02-07 16:10:18,565 [Worker-24: reload maven project] WARN  o.e.m.c.i.embedder.EclipseLogger - The POM for org.slf4j:slf4j-simple:jar:2.3.0 is missing, no dependency information available
2022-02-07 16:10:18,577 [Worker-24: reload maven project] WARN  o.e.m.c.i.embedder.EclipseLogger - The POM for org.slf4j:slf4j-simple:jar:2.3.0 is missing, no dependency information available
2022-02-07 16:10:59,994 [main] INFO  o.e.m2e.actions.ExecutePomAction - Creating new launch configuration
2022-02-07 16:11:04,713 [Worker-22: Launching src] INFO  o.e.m.i.launch.MavenLaunchDelegate - /home/mozixreality/eclipse-workspace/kafka
2022-02-07 16:11:04,714 [Worker-22: Launching src] INFO  o.e.m.i.launch.MavenLaunchDelegate -  mvn -B 
2022-02-07 16:12:24,914 [main] INFO  o.e.m2e.actions.ExecutePomAction - Creating new launch configuration
2022-02-07 16:12:26,495 [Worker-22: Launching src (1)] INFO  o.e.m.i.launch.MavenLaunchDelegate - /home/mozixreality/eclipse-workspace/kafka
2022-02-07 16:12:26,495 [Worker-22: Launching src (1)] INFO  o.e.m.i.launch.MavenLaunchDelegate -  mvn -B 
2022-02-07 16:12:50,458 [main] INFO  o.e.m2e.actions.ExecutePomAction - Creating new launch configuration
2022-02-07 16:12:52,330 [Worker-22: Launching src (2)] INFO  o.e.m.i.launch.MavenLaunchDelegate - /home/mozixreality/eclipse-workspace/kafka
2022-02-07 16:12:52,330 [Worker-22: Launching src (2)] INFO  o.e.m.i.launch.MavenLaunchDelegate -  mvn -B 
